Arguments: 
  /usr/bin/node /usr/share/yarn/bin/yarn.js add node-sass

PATH: 
  /usr/local/sbin:/usr/local/bin:/usr/sbin:/usr/bin:/sbin:/bin:/usr/games:/usr/local/games:/usr/local/go/bin:/home/peter/gocode/bin:/home/peter/cdriver:/usr/bin:/usr/local/go/bin:/home/peter/gocode/bin:/home/peter/cdriver:/usr/bin

Yarn version: 
  1.0.2

Node version: 
  6.11.4

Platform: 
  linux x64

npm manifest: 
  {
      "name": "react-web-chat",
      "version": "1.1.0",
      "description": "A react-based instant messaging interface.",
      "main": "build/index.js",
      "scripts": {
          "dev": "watch 'babel src -d build --source-maps' src",
          "build": "babel src -d build",
          "test": "jest",
          "test:watch": "npm run test -- --watch",
          "prepublish": "npm run build",
          "release": "np"
      },
      "babel": {
          "presets": ["latest", "react", "stage-2"]
      },
      "repository": {
          "type": "git",
          "url": "git+https://github.com/praekelt/react-web-chat.git"
      },
      "keywords": ["react", "chat"],
      "author": "Peter Ringelmann",
      "license": "MIT",
      "bugs": {
          "url": "https://github.com/praekelt/react-web-chat/issues"
      },
      "homepage": "https://github.com/praekelt/react-web-chat#readme",
      "devDependencies": {
          "babel-cli": "^6.26.0",
          "babel-preset-latest": "^6.24.1",
          "babel-preset-react": "^6.24.1",
          "babel-preset-stage-2": "^6.24.1",
          "jest": "^21.2.1",
          "np": "^2.16.0",
          "prop-types": "^15.6.0",
          "react": "^16.0.0",
          "react-dom": "^16.0.0",
          "react-redux": "^5.0.6",
          "recompose": "^0.26.0",
          "redux": "^3.7.2",
          "watch": "^1.0.2"
      },
      "dependencies": {
          "redux-thunk": "^2.2.0"
      }
  }

yarn manifest: 
  No manifest

Lockfile: 
  No lockfile

Trace: 
  Error: EACCES: permission denied, mkdir '/home/peter/praekelt/react-web-chat/node_modules/abbrev'
      at Error (native)
